gamedef.c(1641): Warning! W202: Symbol 'tempang' has been defined, but not referenced
gamedef.c(1746): Warning! W202: Symbol 'j' has been defined, but not referenced
gamedef.c(2043): Warning! W202: Symbol 'sect' has been defined, but not referenced
gamedef.c(165): Warning! W301: No prototype found for 'klabs'
gamedef.c(209): Warning! W301: No prototype found for 'getzrange'
gamedef.c(707): Warning! W301: No prototype found for 'kopen4load'
gamedef.c(715): Warning! W301: No prototype found for 'kfilelength'
gamedef.c(1505): Warning! W301: No prototype found for 'clearbuf'
gamedef.c(729): Warning! W301: No prototype found for 'kclose'
gamedef.c(1506): Warning! W301: No prototype found for 'clearbufbyte'
gamedef.c(728): Warning! W301: No prototype found for 'kread'
gamedef.c(1601): Warning! W301: No prototype found for 'krand'
gamedef.c(1623): Warning! W301: No prototype found for 'hitscan'
gamedef.c(1662): Warning! W301: No prototype found for 'cansee'
gamedef.c(1698): Warning! W301: No prototype found for 'getangle'
gamedef.c(1807): Warning! W301: No prototype found for 'setsprite'
gamedef.c(1936): Warning! W301: No prototype found for 'deletesprite'
gamedef.c(1842): Warning! W301: No prototype found for 'getceilzofslope'
gamedef.c(1905): Warning! W301: No prototype found for 'mulscale'
gamedef.c(1835): Warning! W301: No prototype found for 'getflorzofslope'
gamedef.c(1773): Warning! W301: No prototype found for 'ksgn'
gamedef.c(3093): Warning! W301: No prototype found for 'changespritestat'
gamedef.c(2311): Warning! W301: No prototype found for 'changespritesect'
gamedef.c(2369): Warning! W301: No prototype found for 'lotsofpaper'
gamedef.c(2359): Warning! W301: No prototype found for 'lotsofmail'
gamedef.c(2818): Warning! W301: No prototype found for 'neartag'
gamedef.c(2423): Warning! W301: No prototype found for 'updatesector'
gamedef.c(2309): Warning! W301: No prototype found for 'pushmove'
