menues.c(150): Warning! W202: Symbol 'i' has been defined, but not referenced
menues.c(3096): Warning! W201: Unreachable code
menues.c(37): Warning! W202: Symbol 'menupath' has been defined, but not referenced
menues.c(37): Warning! W202: Symbol 'curpath' has been defined, but not referenced
menues.c(139): Warning! W301: No prototype found for 'rotatesprite'
menues.c(137): Warning! W301: No prototype found for 'getangle'
menues.c(142): Warning! W301: No prototype found for 'klabs'
menues.c(157): Warning! W301: No prototype found for 'kopen4load'
menues.c(176): Warning! W301: No prototype found for 'allocache'
menues.c(495): Warning! W301: No prototype found for 'clearfifo'
menues.c(404): Warning! W301: No prototype found for 'docacheit'
menues.c(161): Warning! W301: No prototype found for 'kdfread'
menues.c(258): Warning! W301: No prototype found for 'clearsoundlocks'
menues.c(165): Warning! W301: No prototype found for 'kclose'
menues.c(401): Warning! W301: No prototype found for 'clearbufbyte'
menues.c(252): Warning! W301: No prototype found for 'nextpage'
menues.c(490): Warning! W301: No prototype found for 'resetmys'
menues.c(494): Warning! W301: No prototype found for 'flushpackets'
menues.c(544): Warning! W301: No prototype found for 'dfwrite'
menues.c(2100): Warning! W301: No prototype found for 'setbrightness'
menues.c(2011): Warning! W301: No prototype found for 'flushperms'
menues.c(1968): Warning! W301: No prototype found for 'gametextpal'
menues.c(1498): Warning! W301: No prototype found for 'sendpacket'
menues.c(2013): Warning! W301: No prototype found for 'clearview'
menues.c(1828): Warning! W301: No prototype found for 'setview'
menues.c(3010): Warning! W301: No prototype found for 'limitrate'
menues.c(2598): Warning! W301: No prototype found for 'sendlogoff'
menues.c(2742): Warning! W301: No prototype found for 'copybufbyte'
menues.c(2254): Warning! W301: No prototype found for 'Music_SetVolume'
menues.c(3030): Warning! W301: No prototype found for 'mulscale16'
menues.c(3062): Warning! W301: No prototype found for 'dmulscale16'
menues.c(3070): Warning! W301: No prototype found for 'drawline256'
menues.c(3242): Warning! W301: No prototype found for 'mulscale'
menues.c(3463): Warning! W301: No prototype found for 'kfilelength'
menues.c(3493): Warning! W301: No prototype found for 'VBE_setPalette'
menues.c(3477): Warning! W301: No prototype found for 'kread'
